make.exe all -f C:/th24/fw/nrf_helloworld/ws/nrf_reader/Makefile --print-data-base --no-builtin-variables --no-builtin-rules --question
# GNU Make 3.81
# Copyright (C) 2006  Free Software Foundation, Inc.
# This is free software; see the source for copying conditions.
# There is NO warranty; not even for MERCHANTABILITY or FITNESS FOR A
# PARTICULAR PURPOSE.

# This program built for i386-pc-mingw32
 
make.exe: C:/th24/fw/nrf_helloworld/ws/nrf_reader/Makefile: No such file or directory


# Make data base, printed on Mon Sep 02 21:57:42 2024

# Variables

# automatic
<D = $(patsubst %/,%,$(dir $<))
# environment
MODELITHIC_LICENSE = 5053@192.168.1.88
# automatic
?F = $(notdir $?)
# environment
SIGASI_LM_LICENSE_FILE = 27000@ubuntu1
# environment
VSCODE_CRASH_REPORTER_PROCESS_TYPE = extensionHost
# makefile
MAKEFLAGS = Rrp
# automatic
?D = $(patsubst %/,%,$(dir $?))
# automatic
@D = $(patsubst %/,%,$(dir $@))
# environment
HOMEDRIVE = C:
# automatic
@F = $(notdir $@)
# automatic
^D = $(patsubst %/,%,$(dir $^))
# makefile
CURDIR := c:/th24/fw/ws/nrf_freertos_vanilla
# default
SHELL := sh.exe
# environment
WINDIR = C:\Windows
# environment
VSCODE_NLS_CONFIG = {"userLocale":"en-us","osLocale":"en-us","resolvedLanguage":"en","defaultMessagesFile":"C:\\Users\\nick\\AppData\\Local\\Programs\\Microsoft VS Code\\resources\\app\\out\\nls.messages.json","locale":"en","availableLanguages":{}}
# environment
VBOX_MSI_INSTALL_PATH = C:\Program Files\Oracle\VirtualBox\
# environment
ONEDRIVE = C:\Users\nick\OneDrive - MaXentric Technologies, LLC
# environment
XILINXD_LICENSE_FILE = 2100@192.168.56.101;C:\Xilinx\Lic
# environment
CLIENTNAME = NCP2
# environment
PATHEXT = .COM;.EXE;.BAT;.CMD;.VBS;.VBE;.JS;.JSE;.WSF;.WSH;.MSC
# makefile
MAKEFILE_LIST := 
# environment
FPS_BROWSER_USER_PROFILE_STRING = Default
# environment
TMP = C:\Users\nick\AppData\Local\Temp
# environment
PROGRAMW6432 = C:\Program Files
# environment
PROGRAMDATA = C:\ProgramData
# environment
VSCODE_CWD = C:\th24\fw\ws\nrf_freertos_vanilla
# environment
PATH = C:\Program Files (x86)\Common Files\Oracle\Java\java8path;C:\Program Files (x86)\Common Files\Oracle\Java\javapath;C:\Windows\system32;C:\Windows;C:\Windows\System32\Wbem;C:\Windows\System32\WindowsPowerShell\v1.0\;C:\Windows\System32\OpenSSH\;C:\Program Files\TortoiseGit\bin;C:\Program Files\MATLAB\R2023a\bin;C:\Program Files\MATLAB\R2022b\bin;C:\Program Files\dotnet\;C:\ProgramData\chocolatey\bin;C:\Program Files\CMake\bin;C:\Program Files\Git\cmd;C:\Program Files (x86)\WinSCP\;C:\Program Files\Docker\Docker\resources\bin;C:\Program Files\Pandoc\;C:\GnuWin32\bin;C:\Program Files\Nordic Semiconductor\nrf-command-line-tools\bin\;C:\Program Files (x86)\SEGGER\JLink;C:\Program Files (x86)\GNU Arm Embedded Toolchain\10 2021.10\bin;C:\Users\nick\AppData\Local\Programs\Python\Python39\Scripts\;C:\Users\nick\AppData\Local\Programs\Python\Python39\;C:\Users\nick\AppData\Local\Microsoft\WindowsApps;C:\Users\nick\AppData\Local\Programs\Microsoft VS Code\bin;C:\Users\nick\.dotnet\tools;C:\Users\nick\AppData\Local\Microsoft\WinGet\Packages\Typst.Typst_Microsoft.Winget.Source_8wekyb3d8bbwe\typst-x86_64-pc-windows-msvc
# environment
COMMONPROGRAMW6432 = C:\Program Files\Common Files
# environment
NIEXTCCOMPILERSUPP = C:\Program Files (x86)\National Instruments\Shared\ExternalCompilerSupport\C\
# environment
CHOCOLATEYLASTPATHUPDATE = 133372037273215519
# environment
PROCESSOR_ARCHITECTURE = x86
# environment
USERPROFILE = C:\Users\nick
# environment
CHOCOLATEYINSTALL = C:\ProgramData\chocolatey
# environment
ALLUSERSPROFILE = C:\ProgramData
# environment
NUMBER_OF_PROCESSORS = 48
# environment
ELECTRON_RUN_AS_NODE = 1
# default
.FEATURES := target-specific order-only second-expansion else-if archives
# automatic
%F = $(notdir $%)
# environment
CHROME_CRASHPAD_PIPE_NAME = \\.\pipe\crashpad_21732_UKTDXBTQXZFIDNBH
# environment
DIGIKEY_CLIENT_ID = 81gVIFNf0I5sNmdkRKwIdCY0HZs8NYZu
# environment
COMPUTERNAME = NCP-TITAN
# environment
PROGRAMFILES = C:\Program Files (x86)
# environment
DRIVERDATA = C:\Windows\System32\Drivers\DriverData
# environment
ORIGINAL_XDG_CURRENT_DESKTOP = undefined
# environment
USERNAME = nick
# environment
MGLS_LICENSE_FILE = 1717@192.168.56.101
# environment
PUBLIC = C:\Users\Public
# environment
VSCODE_AMD_ENTRYPOINT = vs/workbench/api/node/extensionHostProcess
# environment
HOME = c:\users\nick
# environment
NOTES = c:\git\notes_ncp\
# environment
VSCODE_CODE_CACHE_PATH = C:\Users\nick\AppData\Roaming\Code\CachedData\eaa41d57266683296de7d118f574d0c2652e1fc4
# environment
APPLICATION_INSIGHTS_NO_DIAGNOSTIC_CHANNEL = true
# environment
COMMONPROGRAMFILES = C:\Program Files (x86)\Common Files
# environment
LOGONSERVER = \\NCP-TITAN
# environment
VSCODE_HANDLES_UNCAUGHT_ERRORS = true
# environment
USERDOMAIN = NCP-TITAN
# default
MAKE = $(MAKE_COMMAND)
# default
MAKECMDGOALS := all
# environment
DIGIKEY_CLIENT_SECRET = n3c1HjtNioub1Hma
# environment
ONEDRIVECOMMERCIAL = C:\Users\nick\OneDrive - MaXentric Technologies, LLC
# default
MAKE_VERSION := 3.81
# makefile
.DEFAULT_GOAL := 
# environm 
ent
PROGRAMFILES(X86) = C:\Program Files (x86)
# automatic
%D = $(patsubst %/,%,$(dir $%))
# environment
DIGIKEY_STORAGE_PATH = c:\junk
# environment
LOCALAPPDATA = C:\Users\nick\AppData\Local
# environment
PSMODULEPATH = C:\Program Files\WindowsPowerShell\Modules;C:\Windows\system32\WindowsPowerShell\v1.0\Modules
# default
MAKE_COMMAND := make.exe
# environment
PROCESSOR_ARCHITEW6432 = AMD64
# environment
ZEPHYR_SDK_INSTALL_DIR = D:\git\zephyr_proj\zephyrproject\zephyr-sdk-0.16.1
# default
.VARIABLES := 
# environment
VUTILS = d:\git\python\
# automatic
*F = $(notdir $*)
# environment
PROCESSOR_IDENTIFIER = AMD64 Family 23 Model 49 Stepping 0, AuthenticAMD
# environment
OS = Windows_NT
# environment
VSCODE_IPC_HOOK = \\.\pipe\d02fed7c-1.92.1-main-sock
# environment
HOMEPATH = \Users\nick
# environment
COMMONPROGRAMFILES(X86) = C:\Program Files (x86)\Common Files
# environment
PROMPT = $P$G
# environment
MFLAGS = -Rrp
# automatic
*D = $(patsubst %/,%,$(dir $*))
# environment
SYSTEMROOT = C:\Windows
# automatic
+D = $(patsubst %/,%,$(dir $+))
# environment
VSCODE_L10N_BUNDLE_LOCATION = 
# environment
RFMX_SD_PATH = C:\Program Files (x86)\National Instruments\RFmx\CSupport\
# automatic
+F = $(notdir $+)
# environment
APPDATA = C:\Users\nick\AppData\Roaming
# environment
TEMP = C:\Users\nick\AppData\Local\Temp
# environment
COMSPEC = C:\Windows\system32\cmd.exe
# default
MAKEFILES := 
# environment
ZUTILS = D:\git\python\zutils\zutils\tcl\
# automatic
<F = $(notdir $<)
# environment
LC_ALL = C
# automatic
^F = $(notdir $^)
# environment
ZEPHYR_BASE = d:\git\zephyr_latest
# default
SUFFIXES := 
# environment
SYSTEMDRIVE = C:
# environment
SESSIONNAME = RDP-Tcp#1
# environment
PROCESSOR_REVISION = 3100
# environment
DIGIKEY_CLIENT_SANDBOX = FALSE
# environment
MAKELEVEL := 0
# environment
LANG = C
# environment
PROCESSOR_LEVEL = 23
# environment
FPS_BROWSER_APP_PROFILE_STRING = Internet Explorer
# environment
VSCODE_PID = 21732
# environment
AWRD_LICENSE_FILE = 27007@192.168.1.88
# environment
USERDOMAIN_ROAMINGPROFILE = NCP-TITAN
# variable set hash-table stats:
# Load=107/1024=10%, Rehash=0, Collisions=8/122=7%

# Pattern-specific Variable Values

# No pattern-specific variable values.

# Directories

# C:\Program Files\Docker\Docker\resources\bin (key C:/Program Files/Docker/Docker/resources/bin, mtime 1706130263): 14 files, no impossibilities.
# C:\Program Files\MATLAB\R2022b\bin (key C:/Program Files/MATLAB/R2022b/bin, mtime 1677107276): 16 files, no impossibilities.
# C:\Program Files\Pandoc\ (key C:/Program Files/Pandoc/, mtime 1708589170): 6 files, no impossibilities.
# C:\Windows\System32\WindowsPowerShell\v1.0\ (key C:/Windows/System32/WindowsPowerShell/v1.0/, mtime 1723623649): 30 files, no impossibilities.
# C:\Windows\System32\Wbem (key C:/Windows/System32/Wbem, mtime 1720586877): 169 files, no impossibilities.
# . (key c:/th24/fw/ws/nrf_freertos_vanilla, mtime 1725334826): 10 files, no impossibilities.
# C:\Users\nick\AppData\Local\Microsoft\WinGet\Packages\Typst.Typst_Microsoft.Winget.Source_8wekyb3d8bbwe\typst-x86_64-pc-windows-msvc (key C:/Users/nick/AppData/Local/Microsoft/WinGet/Packages/Typst.Typst_Microsoft.Winget.Source_8wekyb3d8bbwe/typst-x86_64-pc-windows-msvc, mtime 1708589388): 6 files, no impossibilities.
# C:\ProgramData\chocolatey\bin (key C:/ProgramData/chocolatey/bin, mtime 1725309926): 18 files, no impossibilities.
# C:\Program Files (x86)\GNU Arm Embedded Toolchain\10 2021.10\bin (key C:/Program Files (x86)/GNU Arm Embedded Toolchain/10 2021.10/bin, mtime 1725307423): 35 files, no impossibilities.
# C:\Program Files\dotnet\ (key C:/Program Files/dotnet/, mtime 1681764533): 12 files, no impossibilities.
# C:\Users\nick\AppData\Local\Programs\Microsoft VS Code\bin (key C:/Users/nick/AppData/Local/Programs/Microsoft VS Code/bin, mtime 1723660679): 5 files, no impossibilities.
# C:\Program Files (x86)\Common Files\Oracle\Java\java8path (key C:/Program Files (x86)/Common Files/Oracle/Java/java8path, mtime 1724280357): 5 files, no impossibilities.
# C:\GnuWin32\bin (key C:/GnuWin32/bin, mtime 1725307391): 5 files, no impossibilities.
# C:\Program Files\TortoiseGit\bin (key C:/Program Files/TortoiseGit/bin, mtime 1673549174): 99 files, no impossibilities.
# C:\Users\nick\.dotnet\tools: could not be stat'd.
# C:\Program Files\Nordic Semiconductor\nrf-command-line-tools\bin\ (key C:/Program Files/Nordic Semiconductor/nrf-command-line-tools/bin/, mtime 1725322252): 13 files, no impossibilities.
# C:\Program Files (x86)\WinSCP\ (key C:/Program Files (x86)/WinSCP/, mtime 1694804033): 14 files, no impossibilities.
# C:\Program Files\MATLAB\R2023a\bin (key C:/Program Files/MATLAB/R2023a/bin, mtime 1682110413): 15 files, no impossibilities.
# C:\Windows\System32\OpenSSH\: could not be stat'd.
# C:\Program Files (x86)\Common Files\Oracle\Java\javapath: could not be stat'd.
# C:\Windows (key C:/Windows, mtime 1723623648): 109 files, no impossibilities.
# C:\Users\nick\AppData\Local\Programs\Python\Python39\ (key C:/Users/nick/AppData/Local/Programs/Python/Python39/, mtime 1675119116): 19 files, no impossibilities.
# C:\Users\nick\AppData\Local\Microsoft\WindowsApps (key C:/Users/nick/AppData/Local/Microsoft/WindowsApps, mtime 1725126142): 30 files, no impossibilities.
# C:\Users\nick\AppData\Local\Programs\Python\Python39\Scripts\ (key C:/Users/nick/AppData/Local/Programs/Python/Python39/Scripts/, mtime 1723703766): 134 files, no impossibilities.
# C:\Program Files (x86)\SEGGER\JLink (key C:/Program Files (x86)/SEGGER/JLink, mtime 1681763827): 45 files, no impossibilities.
# C:\Program Files\Git\cmd (key C:/Program Files/Git/cmd, mtime 1692730329): 10 files, no impossibilities.
# C:\Windows\system32 (key C:/Windows/system32, mtime 1725331722): 2972 files, no impossibilities.
# C:\Program Files\CMake\bin (key C:/Program Files/CMake/bin, mtime 1692730157): 7 files, no impossibilities.

# 3798 files, no impossibilities in 28 directories.

# Implicit Rules

# No implicit rules.

# Files

# Not a target:
C:/th24/fw/nrf_helloworld/ws/nrf_reader/Makefile:
#  Implicit rule search has been done.
#  File does not exist.
#  File has not been updated.
# variable set hash-table stats:
# Load=0/32=0%, Rehash=0, Collisions=0/0=0%

# Not a target:
all:
#  Command-line target.
#  Implicit rule search has not been done.
#  Modification time never checked.
#  File has not been updated.

# Not a target:
.DEFAULT:
#  Implicit rule search has not been done.
#  Modification time never checked.
#  File has not been updated.

# Not a target:
.SUFFIXES:
#  Implicit rule search has not been done.
#  Modification time never checked.
#  File has not been updated.

# files hash-table stats:
# Load=4/1024=0%, Rehash=0, Collisions=0/15=0%
# VPATH Search Paths

# No `vpath' search paths.

# No general (`VPATH' variable) search path.

# # of strings in strcache: 1
# # of strcache buffers: 1
# strcache size: total = 4096 / max = 4096 / min = 4096 / avg = 4096
# strcache free: total = 4047 / max = 4047 / min = 4047 / avg = 4047

# Finished Make data base on Mon Sep 02 21:57:42 2024

 
make.exe: *** No rule to make target `C:/th24/fw/nrf_helloworld/ws/nrf_reader/Makefile'.  Stop.

